ARM GAS  /tmp/ccCFK4KZ.s 			page 1


   1              		.cpu cortex-m3
   2              		.eabi_attribute 20, 1
   3              		.eabi_attribute 21, 1
   4              		.eabi_attribute 23, 3
   5              		.eabi_attribute 24, 1
   6              		.eabi_attribute 25, 1
   7              		.eabi_attribute 26, 1
   8              		.eabi_attribute 30, 1
   9              		.eabi_attribute 34, 1
  10              		.eabi_attribute 18, 4
  11              		.file	"sys.c"
  12              		.text
  13              	.Ltext0:
  14              		.cfi_sections	.debug_frame
  15              		.section	.text.MX_SYS_Init,"ax",%progbits
  16              		.align	1
  17              		.global	MX_SYS_Init
  18              		.syntax unified
  19              		.thumb
  20              		.thumb_func
  21              		.fpu softvfp
  23              	MX_SYS_Init:
  24              	.LFB65:
  25              		.file 1 "Core/Src/sys.c"
   1:Core/Src/sys.c **** /**
   2:Core/Src/sys.c ****   ******************************************************************************
   3:Core/Src/sys.c ****   * File Name          : SYS.c
   4:Core/Src/sys.c ****   * Description        : This file provides code for the configuration
   5:Core/Src/sys.c ****   *                      of the SYS instances.
   6:Core/Src/sys.c ****   ******************************************************************************
   7:Core/Src/sys.c ****   * @attention
   8:Core/Src/sys.c ****   *
   9:Core/Src/sys.c ****   * <h2><center>&copy; Copyright (c) 2020 STMicroelectronics.
  10:Core/Src/sys.c ****   * All rights reserved.</center></h2>
  11:Core/Src/sys.c ****   *
  12:Core/Src/sys.c ****   * This software component is licensed by ST under Ultimate Liberty license
  13:Core/Src/sys.c ****   * SLA0044, the "License"; You may not use this file except in compliance with
  14:Core/Src/sys.c ****   * the License. You may obtain a copy of the License at:
  15:Core/Src/sys.c ****   *                             www.st.com/SLA0044
  16:Core/Src/sys.c ****   *
  17:Core/Src/sys.c ****   ******************************************************************************
  18:Core/Src/sys.c ****   */
  19:Core/Src/sys.c **** 
  20:Core/Src/sys.c **** /* Includes ------------------------------------------------------------------*/
  21:Core/Src/sys.c **** #include "sys.h"
  22:Core/Src/sys.c **** 
  23:Core/Src/sys.c **** /* USER CODE BEGIN 0 */
  24:Core/Src/sys.c **** 
  25:Core/Src/sys.c **** /* USER CODE END 0 */
  26:Core/Src/sys.c **** 
  27:Core/Src/sys.c **** /* SYS init function */
  28:Core/Src/sys.c **** void MX_SYS_Init(void)
  29:Core/Src/sys.c **** {
  26              		.loc 1 29 0
  27              		.cfi_startproc
  28              		@ args = 0, pretend = 0, frame = 0
  29              		@ frame_needed = 0, uses_anonymous_args = 0
ARM GAS  /tmp/ccCFK4KZ.s 			page 2


  30              		@ link register save eliminated.
  31              	.LBB2:
  30:Core/Src/sys.c **** 
  31:Core/Src/sys.c ****   /** DISABLE: JTAG-DP Disabled and SW-DP Disabled 
  32:Core/Src/sys.c ****   */
  33:Core/Src/sys.c ****   __HAL_AFIO_REMAP_SWJ_DISABLE();
  32              		.loc 1 33 0
  33 0000 034A     		ldr	r2, .L2
  34 0002 5368     		ldr	r3, [r2, #4]
  35              	.LVL0:
  36 0004 23F0E063 		bic	r3, r3, #117440512
  37              	.LVL1:
  38 0008 43F08063 		orr	r3, r3, #67108864
  39              	.LVL2:
  40 000c 5360     		str	r3, [r2, #4]
  41 000e 7047     		bx	lr
  42              	.L3:
  43              		.align	2
  44              	.L2:
  45 0010 00000140 		.word	1073807360
  46              	.LBE2:
  47              		.cfi_endproc
  48              	.LFE65:
  50              		.text
  51              	.Letext0:
  52              		.file 2 "/usr/include/newlib/machine/_default_types.h"
  53              		.file 3 "/usr/include/newlib/sys/_stdint.h"
  54              		.file 4 "Drivers/CMSIS/Include/core_cm3.h"
  55              		.file 5 "Drivers/CMSIS/Device/ST/STM32F1xx/Include/system_stm32f1xx.h"
  56              		.file 6 "Drivers/CMSIS/Device/ST/STM32F1xx/Include/stm32f103xb.h"
  57              		.file 7 "Drivers/STM32F1xx_HAL_Driver/Inc/stm32f1xx_hal.h"
ARM GAS  /tmp/ccCFK4KZ.s 			page 3


DEFINED SYMBOLS
                            *ABS*:0000000000000000 sys.c
     /tmp/ccCFK4KZ.s:16     .text.MX_SYS_Init:0000000000000000 $t
     /tmp/ccCFK4KZ.s:23     .text.MX_SYS_Init:0000000000000000 MX_SYS_Init
     /tmp/ccCFK4KZ.s:45     .text.MX_SYS_Init:0000000000000010 $d
                     .debug_frame:0000000000000010 $d

NO UNDEFINED SYMBOLS
