ARM GAS  /tmp/ccJVpai3.s 			page 1


   1              		.cpu cortex-m3
   2              		.eabi_attribute 20, 1
   3              		.eabi_attribute 21, 1
   4              		.eabi_attribute 23, 3
   5              		.eabi_attribute 24, 1
   6              		.eabi_attribute 25, 1
   7              		.eabi_attribute 26, 1
   8              		.eabi_attribute 30, 1
   9              		.eabi_attribute 34, 1
  10              		.eabi_attribute 18, 4
  11              		.file	"usb_device.c"
  12              		.text
  13              	.Ltext0:
  14              		.cfi_sections	.debug_frame
  15              		.section	.text.MX_USB_DEVICE_Init,"ax",%progbits
  16              		.align	1
  17              		.global	MX_USB_DEVICE_Init
  18              		.syntax unified
  19              		.thumb
  20              		.thumb_func
  21              		.fpu softvfp
  23              	MX_USB_DEVICE_Init:
  24              	.LFB66:
  25              		.file 1 "USB_DEVICE/App/usb_device.c"
   1:USB_DEVICE/App/usb_device.c **** /* USER CODE BEGIN Header */
   2:USB_DEVICE/App/usb_device.c **** /**
   3:USB_DEVICE/App/usb_device.c ****   ******************************************************************************
   4:USB_DEVICE/App/usb_device.c ****   * @file           : usb_device.c
   5:USB_DEVICE/App/usb_device.c ****   * @version        : v2.0_Cube
   6:USB_DEVICE/App/usb_device.c ****   * @brief          : This file implements the USB Device
   7:USB_DEVICE/App/usb_device.c ****   ******************************************************************************
   8:USB_DEVICE/App/usb_device.c ****   * @attention
   9:USB_DEVICE/App/usb_device.c ****   *
  10:USB_DEVICE/App/usb_device.c ****   * <h2><center>&copy; Copyright (c) 2020 STMicroelectronics.
  11:USB_DEVICE/App/usb_device.c ****   * All rights reserved.</center></h2>
  12:USB_DEVICE/App/usb_device.c ****   *
  13:USB_DEVICE/App/usb_device.c ****   * This software component is licensed by ST under Ultimate Liberty license
  14:USB_DEVICE/App/usb_device.c ****   * SLA0044, the "License"; You may not use this file except in compliance with
  15:USB_DEVICE/App/usb_device.c ****   * the License. You may obtain a copy of the License at:
  16:USB_DEVICE/App/usb_device.c ****   *                             www.st.com/SLA0044
  17:USB_DEVICE/App/usb_device.c ****   *
  18:USB_DEVICE/App/usb_device.c ****   ******************************************************************************
  19:USB_DEVICE/App/usb_device.c ****   */
  20:USB_DEVICE/App/usb_device.c **** /* USER CODE END Header */
  21:USB_DEVICE/App/usb_device.c **** 
  22:USB_DEVICE/App/usb_device.c **** /* Includes ------------------------------------------------------------------*/
  23:USB_DEVICE/App/usb_device.c **** 
  24:USB_DEVICE/App/usb_device.c **** #include "usb_device.h"
  25:USB_DEVICE/App/usb_device.c **** #include "usbd_core.h"
  26:USB_DEVICE/App/usb_device.c **** #include "usbd_desc.h"
  27:USB_DEVICE/App/usb_device.c **** #include "usbd_cdc.h"
  28:USB_DEVICE/App/usb_device.c **** #include "usbd_cdc_if.h"
  29:USB_DEVICE/App/usb_device.c **** 
  30:USB_DEVICE/App/usb_device.c **** /* USER CODE BEGIN Includes */
  31:USB_DEVICE/App/usb_device.c **** 
  32:USB_DEVICE/App/usb_device.c **** /* USER CODE END Includes */
  33:USB_DEVICE/App/usb_device.c **** 
ARM GAS  /tmp/ccJVpai3.s 			page 2


  34:USB_DEVICE/App/usb_device.c **** /* USER CODE BEGIN PV */
  35:USB_DEVICE/App/usb_device.c **** /* Private variables ---------------------------------------------------------*/
  36:USB_DEVICE/App/usb_device.c **** 
  37:USB_DEVICE/App/usb_device.c **** /* USER CODE END PV */
  38:USB_DEVICE/App/usb_device.c **** 
  39:USB_DEVICE/App/usb_device.c **** /* USER CODE BEGIN PFP */
  40:USB_DEVICE/App/usb_device.c **** /* Private function prototypes -----------------------------------------------*/
  41:USB_DEVICE/App/usb_device.c **** 
  42:USB_DEVICE/App/usb_device.c **** /* USER CODE END PFP */
  43:USB_DEVICE/App/usb_device.c **** 
  44:USB_DEVICE/App/usb_device.c **** /* USB Device Core handle declaration. */
  45:USB_DEVICE/App/usb_device.c **** USBD_HandleTypeDef hUsbDeviceFS;
  46:USB_DEVICE/App/usb_device.c **** 
  47:USB_DEVICE/App/usb_device.c **** /*
  48:USB_DEVICE/App/usb_device.c ****  * -- Insert your variables declaration here --
  49:USB_DEVICE/App/usb_device.c ****  */
  50:USB_DEVICE/App/usb_device.c **** /* USER CODE BEGIN 0 */
  51:USB_DEVICE/App/usb_device.c **** 
  52:USB_DEVICE/App/usb_device.c **** /* USER CODE END 0 */
  53:USB_DEVICE/App/usb_device.c **** 
  54:USB_DEVICE/App/usb_device.c **** /*
  55:USB_DEVICE/App/usb_device.c ****  * -- Insert your external function declaration here --
  56:USB_DEVICE/App/usb_device.c ****  */
  57:USB_DEVICE/App/usb_device.c **** /* USER CODE BEGIN 1 */
  58:USB_DEVICE/App/usb_device.c **** 
  59:USB_DEVICE/App/usb_device.c **** /* USER CODE END 1 */
  60:USB_DEVICE/App/usb_device.c **** 
  61:USB_DEVICE/App/usb_device.c **** /**
  62:USB_DEVICE/App/usb_device.c ****   * Init USB device Library, add supported class and start the library
  63:USB_DEVICE/App/usb_device.c ****   * @retval None
  64:USB_DEVICE/App/usb_device.c ****   */
  65:USB_DEVICE/App/usb_device.c **** void MX_USB_DEVICE_Init(void)
  66:USB_DEVICE/App/usb_device.c **** {
  26              		.loc 1 66 0
  27              		.cfi_startproc
  28              		@ args = 0, pretend = 0, frame = 0
  29              		@ frame_needed = 0, uses_anonymous_args = 0
  30 0000 08B5     		push	{r3, lr}
  31              	.LCFI0:
  32              		.cfi_def_cfa_offset 8
  33              		.cfi_offset 3, -8
  34              		.cfi_offset 14, -4
  67:USB_DEVICE/App/usb_device.c ****   /* USER CODE BEGIN USB_DEVICE_Init_PreTreatment */
  68:USB_DEVICE/App/usb_device.c ****   
  69:USB_DEVICE/App/usb_device.c ****   /* USER CODE END USB_DEVICE_Init_PreTreatment */
  70:USB_DEVICE/App/usb_device.c ****   
  71:USB_DEVICE/App/usb_device.c ****   /* Init Device Library, add supported class and start the library. */
  72:USB_DEVICE/App/usb_device.c ****   if (USBD_Init(&hUsbDeviceFS, &FS_Desc, DEVICE_FS) != USBD_OK)
  35              		.loc 1 72 0
  36 0002 0022     		movs	r2, #0
  37 0004 0F49     		ldr	r1, .L11
  38 0006 1048     		ldr	r0, .L11+4
  39 0008 FFF7FEFF 		bl	USBD_Init
  40              	.LVL0:
  41 000c 70B9     		cbnz	r0, .L7
  42              	.L2:
  73:USB_DEVICE/App/usb_device.c ****   {
ARM GAS  /tmp/ccJVpai3.s 			page 3


  74:USB_DEVICE/App/usb_device.c ****     Error_Handler();
  75:USB_DEVICE/App/usb_device.c ****   }
  76:USB_DEVICE/App/usb_device.c ****   if (USBD_RegisterClass(&hUsbDeviceFS, &USBD_CDC) != USBD_OK)
  43              		.loc 1 76 0
  44 000e 0F49     		ldr	r1, .L11+8
  45 0010 0D48     		ldr	r0, .L11+4
  46 0012 FFF7FEFF 		bl	USBD_RegisterClass
  47              	.LVL1:
  48 0016 60B9     		cbnz	r0, .L8
  49              	.L3:
  77:USB_DEVICE/App/usb_device.c ****   {
  78:USB_DEVICE/App/usb_device.c ****     Error_Handler();
  79:USB_DEVICE/App/usb_device.c ****   }
  80:USB_DEVICE/App/usb_device.c ****   if (USBD_CDC_RegisterInterface(&hUsbDeviceFS, &USBD_Interface_fops_FS) != USBD_OK)
  50              		.loc 1 80 0
  51 0018 0D49     		ldr	r1, .L11+12
  52 001a 0B48     		ldr	r0, .L11+4
  53 001c FFF7FEFF 		bl	USBD_CDC_RegisterInterface
  54              	.LVL2:
  55 0020 50B9     		cbnz	r0, .L9
  56              	.L4:
  81:USB_DEVICE/App/usb_device.c ****   {
  82:USB_DEVICE/App/usb_device.c ****     Error_Handler();
  83:USB_DEVICE/App/usb_device.c ****   }
  84:USB_DEVICE/App/usb_device.c ****   if (USBD_Start(&hUsbDeviceFS) != USBD_OK)
  57              		.loc 1 84 0
  58 0022 0948     		ldr	r0, .L11+4
  59 0024 FFF7FEFF 		bl	USBD_Start
  60              	.LVL3:
  61 0028 48B9     		cbnz	r0, .L10
  62              	.L1:
  63 002a 08BD     		pop	{r3, pc}
  64              	.L7:
  74:USB_DEVICE/App/usb_device.c ****   }
  65              		.loc 1 74 0
  66 002c FFF7FEFF 		bl	Error_Handler
  67              	.LVL4:
  68 0030 EDE7     		b	.L2
  69              	.L8:
  78:USB_DEVICE/App/usb_device.c ****   }
  70              		.loc 1 78 0
  71 0032 FFF7FEFF 		bl	Error_Handler
  72              	.LVL5:
  73 0036 EFE7     		b	.L3
  74              	.L9:
  82:USB_DEVICE/App/usb_device.c ****   }
  75              		.loc 1 82 0
  76 0038 FFF7FEFF 		bl	Error_Handler
  77              	.LVL6:
  78 003c F1E7     		b	.L4
  79              	.L10:
  85:USB_DEVICE/App/usb_device.c ****   {
  86:USB_DEVICE/App/usb_device.c ****     Error_Handler();
  80              		.loc 1 86 0
  81 003e FFF7FEFF 		bl	Error_Handler
  82              	.LVL7:
  87:USB_DEVICE/App/usb_device.c ****   }
ARM GAS  /tmp/ccJVpai3.s 			page 4


  88:USB_DEVICE/App/usb_device.c **** 
  89:USB_DEVICE/App/usb_device.c ****   /* USER CODE BEGIN USB_DEVICE_Init_PostTreatment */
  90:USB_DEVICE/App/usb_device.c ****   
  91:USB_DEVICE/App/usb_device.c ****   /* USER CODE END USB_DEVICE_Init_PostTreatment */
  92:USB_DEVICE/App/usb_device.c **** }
  83              		.loc 1 92 0
  84 0042 F2E7     		b	.L1
  85              	.L12:
  86              		.align	2
  87              	.L11:
  88 0044 00000000 		.word	FS_Desc
  89 0048 00000000 		.word	hUsbDeviceFS
  90 004c 00000000 		.word	USBD_CDC
  91 0050 00000000 		.word	USBD_Interface_fops_FS
  92              		.cfi_endproc
  93              	.LFE66:
  95              		.comm	hUsbDeviceFS,708,4
  96              		.text
  97              	.Letext0:
  98              		.file 2 "/usr/include/newlib/machine/_default_types.h"
  99              		.file 3 "/usr/include/newlib/sys/_stdint.h"
 100              		.file 4 "Drivers/CMSIS/Include/core_cm3.h"
 101              		.file 5 "Drivers/CMSIS/Device/ST/STM32F1xx/Include/system_stm32f1xx.h"
 102              		.file 6 "Drivers/STM32F1xx_HAL_Driver/Inc/stm32f1xx_hal.h"
 103              		.file 7 "/usr/include/newlib/sys/lock.h"
 104              		.file 8 "/usr/include/newlib/sys/_types.h"
 105              		.file 9 "/usr/lib/gcc/arm-none-eabi/6.3.1/include/stddef.h"
 106              		.file 10 "/usr/include/newlib/sys/reent.h"
 107              		.file 11 "/usr/include/newlib/stdlib.h"
 108              		.file 12 "Middlewares/ST/STM32_USB_Device_Library/Core/Inc/usbd_def.h"
 109              		.file 13 "USB_DEVICE/App/usbd_desc.h"
 110              		.file 14 "Middlewares/ST/STM32_USB_Device_Library/Class/CDC/Inc/usbd_cdc.h"
 111              		.file 15 "USB_DEVICE/App/usbd_cdc_if.h"
 112              		.file 16 "Middlewares/ST/STM32_USB_Device_Library/Core/Inc/usbd_core.h"
 113              		.file 17 "Core/Inc/main.h"
ARM GAS  /tmp/ccJVpai3.s 			page 5


DEFINED SYMBOLS
                            *ABS*:0000000000000000 usb_device.c
     /tmp/ccJVpai3.s:16     .text.MX_USB_DEVICE_Init:0000000000000000 $t
     /tmp/ccJVpai3.s:23     .text.MX_USB_DEVICE_Init:0000000000000000 MX_USB_DEVICE_Init
     /tmp/ccJVpai3.s:88     .text.MX_USB_DEVICE_Init:0000000000000044 $d
                            *COM*:00000000000002c4 hUsbDeviceFS
                     .debug_frame:0000000000000010 $d

UNDEFINED SYMBOLS
USBD_Init
USBD_RegisterClass
USBD_CDC_RegisterInterface
USBD_Start
Error_Handler
FS_Desc
USBD_CDC
USBD_Interface_fops_FS
