ARM GAS  /tmp/ccZypPl6.s 			page 1


   1              		.cpu cortex-m3
   2              		.eabi_attribute 20, 1
   3              		.eabi_attribute 21, 1
   4              		.eabi_attribute 23, 3
   5              		.eabi_attribute 24, 1
   6              		.eabi_attribute 25, 1
   7              		.eabi_attribute 26, 1
   8              		.eabi_attribute 30, 1
   9              		.eabi_attribute 34, 1
  10              		.eabi_attribute 18, 4
  11              		.file	"usbd_cdc_if.c"
  12              		.text
  13              	.Ltext0:
  14              		.cfi_sections	.debug_frame
  15              		.section	.text.CDC_DeInit_FS,"ax",%progbits
  16              		.align	1
  17              		.syntax unified
  18              		.thumb
  19              		.thumb_func
  20              		.fpu softvfp
  22              	CDC_DeInit_FS:
  23              	.LFB67:
  24              		.file 1 "USB_DEVICE/App/usbd_cdc_if.c"
   1:USB_DEVICE/App/usbd_cdc_if.c **** /* USER CODE BEGIN Header */
   2:USB_DEVICE/App/usbd_cdc_if.c **** /**
   3:USB_DEVICE/App/usbd_cdc_if.c ****   ******************************************************************************
   4:USB_DEVICE/App/usbd_cdc_if.c ****   * @file           : usbd_cdc_if.c
   5:USB_DEVICE/App/usbd_cdc_if.c ****   * @version        : v2.0_Cube
   6:USB_DEVICE/App/usbd_cdc_if.c ****   * @brief          : Usb device for Virtual Com Port.
   7:USB_DEVICE/App/usbd_cdc_if.c ****   ******************************************************************************
   8:USB_DEVICE/App/usbd_cdc_if.c ****   * @attention
   9:USB_DEVICE/App/usbd_cdc_if.c ****   *
  10:USB_DEVICE/App/usbd_cdc_if.c ****   * <h2><center>&copy; Copyright (c) 2020 STMicroelectronics.
  11:USB_DEVICE/App/usbd_cdc_if.c ****   * All rights reserved.</center></h2>
  12:USB_DEVICE/App/usbd_cdc_if.c ****   *
  13:USB_DEVICE/App/usbd_cdc_if.c ****   * This software component is licensed by ST under Ultimate Liberty license
  14:USB_DEVICE/App/usbd_cdc_if.c ****   * SLA0044, the "License"; You may not use this file except in compliance with
  15:USB_DEVICE/App/usbd_cdc_if.c ****   * the License. You may obtain a copy of the License at:
  16:USB_DEVICE/App/usbd_cdc_if.c ****   *                             www.st.com/SLA0044
  17:USB_DEVICE/App/usbd_cdc_if.c ****   *
  18:USB_DEVICE/App/usbd_cdc_if.c ****   ******************************************************************************
  19:USB_DEVICE/App/usbd_cdc_if.c ****   */
  20:USB_DEVICE/App/usbd_cdc_if.c **** /* USER CODE END Header */
  21:USB_DEVICE/App/usbd_cdc_if.c **** 
  22:USB_DEVICE/App/usbd_cdc_if.c **** /* Includes ------------------------------------------------------------------*/
  23:USB_DEVICE/App/usbd_cdc_if.c **** #include "usbd_cdc_if.h"
  24:USB_DEVICE/App/usbd_cdc_if.c **** 
  25:USB_DEVICE/App/usbd_cdc_if.c **** /* USER CODE BEGIN INCLUDE */
  26:USB_DEVICE/App/usbd_cdc_if.c **** 
  27:USB_DEVICE/App/usbd_cdc_if.c **** /* USER CODE END INCLUDE */
  28:USB_DEVICE/App/usbd_cdc_if.c **** 
  29:USB_DEVICE/App/usbd_cdc_if.c **** /* Private typedef -----------------------------------------------------------*/
  30:USB_DEVICE/App/usbd_cdc_if.c **** /* Private define ------------------------------------------------------------*/
  31:USB_DEVICE/App/usbd_cdc_if.c **** /* Private macro -------------------------------------------------------------*/
  32:USB_DEVICE/App/usbd_cdc_if.c **** 
  33:USB_DEVICE/App/usbd_cdc_if.c **** /* USER CODE BEGIN PV */
  34:USB_DEVICE/App/usbd_cdc_if.c **** /* Private variables ---------------------------------------------------------*/
ARM GAS  /tmp/ccZypPl6.s 			page 2


  35:USB_DEVICE/App/usbd_cdc_if.c **** 
  36:USB_DEVICE/App/usbd_cdc_if.c **** /* USER CODE END PV */
  37:USB_DEVICE/App/usbd_cdc_if.c **** 
  38:USB_DEVICE/App/usbd_cdc_if.c **** /** @addtogroup STM32_USB_OTG_DEVICE_LIBRARY
  39:USB_DEVICE/App/usbd_cdc_if.c ****   * @brief Usb device library.
  40:USB_DEVICE/App/usbd_cdc_if.c ****   * @{
  41:USB_DEVICE/App/usbd_cdc_if.c ****   */
  42:USB_DEVICE/App/usbd_cdc_if.c **** 
  43:USB_DEVICE/App/usbd_cdc_if.c **** /** @addtogroup USBD_CDC_IF
  44:USB_DEVICE/App/usbd_cdc_if.c ****   * @{
  45:USB_DEVICE/App/usbd_cdc_if.c ****   */
  46:USB_DEVICE/App/usbd_cdc_if.c **** 
  47:USB_DEVICE/App/usbd_cdc_if.c **** /** @defgroup USBD_CDC_IF_Private_TypesDefinitions USBD_CDC_IF_Private_TypesDefinitions
  48:USB_DEVICE/App/usbd_cdc_if.c ****   * @brief Private types.
  49:USB_DEVICE/App/usbd_cdc_if.c ****   * @{
  50:USB_DEVICE/App/usbd_cdc_if.c ****   */
  51:USB_DEVICE/App/usbd_cdc_if.c **** 
  52:USB_DEVICE/App/usbd_cdc_if.c **** /* USER CODE BEGIN PRIVATE_TYPES */
  53:USB_DEVICE/App/usbd_cdc_if.c **** 
  54:USB_DEVICE/App/usbd_cdc_if.c **** /* USER CODE END PRIVATE_TYPES */
  55:USB_DEVICE/App/usbd_cdc_if.c **** 
  56:USB_DEVICE/App/usbd_cdc_if.c **** /**
  57:USB_DEVICE/App/usbd_cdc_if.c ****   * @}
  58:USB_DEVICE/App/usbd_cdc_if.c ****   */
  59:USB_DEVICE/App/usbd_cdc_if.c **** 
  60:USB_DEVICE/App/usbd_cdc_if.c **** /** @defgroup USBD_CDC_IF_Private_Defines USBD_CDC_IF_Private_Defines
  61:USB_DEVICE/App/usbd_cdc_if.c ****   * @brief Private defines.
  62:USB_DEVICE/App/usbd_cdc_if.c ****   * @{
  63:USB_DEVICE/App/usbd_cdc_if.c ****   */
  64:USB_DEVICE/App/usbd_cdc_if.c **** 
  65:USB_DEVICE/App/usbd_cdc_if.c **** /* USER CODE BEGIN PRIVATE_DEFINES */
  66:USB_DEVICE/App/usbd_cdc_if.c **** /* Define size for the receive and transmit buffer over CDC */
  67:USB_DEVICE/App/usbd_cdc_if.c **** /* It's up to user to redefine and/or remove those define */
  68:USB_DEVICE/App/usbd_cdc_if.c **** #define APP_RX_DATA_SIZE  1000
  69:USB_DEVICE/App/usbd_cdc_if.c **** #define APP_TX_DATA_SIZE  1000
  70:USB_DEVICE/App/usbd_cdc_if.c **** /* USER CODE END PRIVATE_DEFINES */
  71:USB_DEVICE/App/usbd_cdc_if.c **** 
  72:USB_DEVICE/App/usbd_cdc_if.c **** /**
  73:USB_DEVICE/App/usbd_cdc_if.c ****   * @}
  74:USB_DEVICE/App/usbd_cdc_if.c ****   */
  75:USB_DEVICE/App/usbd_cdc_if.c **** 
  76:USB_DEVICE/App/usbd_cdc_if.c **** /** @defgroup USBD_CDC_IF_Private_Macros USBD_CDC_IF_Private_Macros
  77:USB_DEVICE/App/usbd_cdc_if.c ****   * @brief Private macros.
  78:USB_DEVICE/App/usbd_cdc_if.c ****   * @{
  79:USB_DEVICE/App/usbd_cdc_if.c ****   */
  80:USB_DEVICE/App/usbd_cdc_if.c **** 
  81:USB_DEVICE/App/usbd_cdc_if.c **** /* USER CODE BEGIN PRIVATE_MACRO */
  82:USB_DEVICE/App/usbd_cdc_if.c **** 
  83:USB_DEVICE/App/usbd_cdc_if.c **** /* USER CODE END PRIVATE_MACRO */
  84:USB_DEVICE/App/usbd_cdc_if.c **** 
  85:USB_DEVICE/App/usbd_cdc_if.c **** /**
  86:USB_DEVICE/App/usbd_cdc_if.c ****   * @}
  87:USB_DEVICE/App/usbd_cdc_if.c ****   */
  88:USB_DEVICE/App/usbd_cdc_if.c **** 
  89:USB_DEVICE/App/usbd_cdc_if.c **** /** @defgroup USBD_CDC_IF_Private_Variables USBD_CDC_IF_Private_Variables
  90:USB_DEVICE/App/usbd_cdc_if.c ****   * @brief Private variables.
  91:USB_DEVICE/App/usbd_cdc_if.c ****   * @{
ARM GAS  /tmp/ccZypPl6.s 			page 3


  92:USB_DEVICE/App/usbd_cdc_if.c ****   */
  93:USB_DEVICE/App/usbd_cdc_if.c **** /* Create buffer for reception and transmission           */
  94:USB_DEVICE/App/usbd_cdc_if.c **** /* It's up to user to redefine and/or remove those define */
  95:USB_DEVICE/App/usbd_cdc_if.c **** /** Received data over USB are stored in this buffer      */
  96:USB_DEVICE/App/usbd_cdc_if.c **** uint8_t UserRxBufferFS[APP_RX_DATA_SIZE];
  97:USB_DEVICE/App/usbd_cdc_if.c **** 
  98:USB_DEVICE/App/usbd_cdc_if.c **** /** Data to send over USB CDC are stored in this buffer   */
  99:USB_DEVICE/App/usbd_cdc_if.c **** uint8_t UserTxBufferFS[APP_TX_DATA_SIZE];
 100:USB_DEVICE/App/usbd_cdc_if.c **** 
 101:USB_DEVICE/App/usbd_cdc_if.c **** /* USER CODE BEGIN PRIVATE_VARIABLES */
 102:USB_DEVICE/App/usbd_cdc_if.c **** 
 103:USB_DEVICE/App/usbd_cdc_if.c **** /* USER CODE END PRIVATE_VARIABLES */
 104:USB_DEVICE/App/usbd_cdc_if.c **** 
 105:USB_DEVICE/App/usbd_cdc_if.c **** /**
 106:USB_DEVICE/App/usbd_cdc_if.c ****   * @}
 107:USB_DEVICE/App/usbd_cdc_if.c ****   */
 108:USB_DEVICE/App/usbd_cdc_if.c **** 
 109:USB_DEVICE/App/usbd_cdc_if.c **** /** @defgroup USBD_CDC_IF_Exported_Variables USBD_CDC_IF_Exported_Variables
 110:USB_DEVICE/App/usbd_cdc_if.c ****   * @brief Public variables.
 111:USB_DEVICE/App/usbd_cdc_if.c ****   * @{
 112:USB_DEVICE/App/usbd_cdc_if.c ****   */
 113:USB_DEVICE/App/usbd_cdc_if.c **** 
 114:USB_DEVICE/App/usbd_cdc_if.c **** extern USBD_HandleTypeDef hUsbDeviceFS;
 115:USB_DEVICE/App/usbd_cdc_if.c **** 
 116:USB_DEVICE/App/usbd_cdc_if.c **** /* USER CODE BEGIN EXPORTED_VARIABLES */
 117:USB_DEVICE/App/usbd_cdc_if.c **** 
 118:USB_DEVICE/App/usbd_cdc_if.c **** /* USER CODE END EXPORTED_VARIABLES */
 119:USB_DEVICE/App/usbd_cdc_if.c **** 
 120:USB_DEVICE/App/usbd_cdc_if.c **** /**
 121:USB_DEVICE/App/usbd_cdc_if.c ****   * @}
 122:USB_DEVICE/App/usbd_cdc_if.c ****   */
 123:USB_DEVICE/App/usbd_cdc_if.c **** 
 124:USB_DEVICE/App/usbd_cdc_if.c **** /** @defgroup USBD_CDC_IF_Private_FunctionPrototypes USBD_CDC_IF_Private_FunctionPrototypes
 125:USB_DEVICE/App/usbd_cdc_if.c ****   * @brief Private functions declaration.
 126:USB_DEVICE/App/usbd_cdc_if.c ****   * @{
 127:USB_DEVICE/App/usbd_cdc_if.c ****   */
 128:USB_DEVICE/App/usbd_cdc_if.c **** 
 129:USB_DEVICE/App/usbd_cdc_if.c **** static int8_t CDC_Init_FS(void);
 130:USB_DEVICE/App/usbd_cdc_if.c **** static int8_t CDC_DeInit_FS(void);
 131:USB_DEVICE/App/usbd_cdc_if.c **** static int8_t CDC_Control_FS(uint8_t cmd, uint8_t* pbuf, uint16_t length);
 132:USB_DEVICE/App/usbd_cdc_if.c **** static int8_t CDC_Receive_FS(uint8_t* pbuf, uint32_t *Len);
 133:USB_DEVICE/App/usbd_cdc_if.c **** 
 134:USB_DEVICE/App/usbd_cdc_if.c **** /* USER CODE BEGIN PRIVATE_FUNCTIONS_DECLARATION */
 135:USB_DEVICE/App/usbd_cdc_if.c **** 
 136:USB_DEVICE/App/usbd_cdc_if.c **** /* USER CODE END PRIVATE_FUNCTIONS_DECLARATION */
 137:USB_DEVICE/App/usbd_cdc_if.c **** 
 138:USB_DEVICE/App/usbd_cdc_if.c **** /**
 139:USB_DEVICE/App/usbd_cdc_if.c ****   * @}
 140:USB_DEVICE/App/usbd_cdc_if.c ****   */
 141:USB_DEVICE/App/usbd_cdc_if.c **** 
 142:USB_DEVICE/App/usbd_cdc_if.c **** USBD_CDC_ItfTypeDef USBD_Interface_fops_FS =
 143:USB_DEVICE/App/usbd_cdc_if.c **** {
 144:USB_DEVICE/App/usbd_cdc_if.c ****   CDC_Init_FS,
 145:USB_DEVICE/App/usbd_cdc_if.c ****   CDC_DeInit_FS,
 146:USB_DEVICE/App/usbd_cdc_if.c ****   CDC_Control_FS,
 147:USB_DEVICE/App/usbd_cdc_if.c ****   CDC_Receive_FS
 148:USB_DEVICE/App/usbd_cdc_if.c **** };
ARM GAS  /tmp/ccZypPl6.s 			page 4


 149:USB_DEVICE/App/usbd_cdc_if.c **** 
 150:USB_DEVICE/App/usbd_cdc_if.c **** /* Private functions ---------------------------------------------------------*/
 151:USB_DEVICE/App/usbd_cdc_if.c **** /**
 152:USB_DEVICE/App/usbd_cdc_if.c ****   * @brief  Initializes the CDC media low layer over the FS USB IP
 153:USB_DEVICE/App/usbd_cdc_if.c ****   * @retval USBD_OK if all operations are OK else USBD_FAIL
 154:USB_DEVICE/App/usbd_cdc_if.c ****   */
 155:USB_DEVICE/App/usbd_cdc_if.c **** static int8_t CDC_Init_FS(void)
 156:USB_DEVICE/App/usbd_cdc_if.c **** {
 157:USB_DEVICE/App/usbd_cdc_if.c ****   /* USER CODE BEGIN 3 */
 158:USB_DEVICE/App/usbd_cdc_if.c ****   /* Set Application Buffers */
 159:USB_DEVICE/App/usbd_cdc_if.c ****   USBD_CDC_SetTxBuffer(&hUsbDeviceFS, UserTxBufferFS, 0);
 160:USB_DEVICE/App/usbd_cdc_if.c ****   USBD_CDC_SetRxBuffer(&hUsbDeviceFS, UserRxBufferFS);
 161:USB_DEVICE/App/usbd_cdc_if.c ****   return (USBD_OK);
 162:USB_DEVICE/App/usbd_cdc_if.c ****   /* USER CODE END 3 */
 163:USB_DEVICE/App/usbd_cdc_if.c **** }
 164:USB_DEVICE/App/usbd_cdc_if.c **** 
 165:USB_DEVICE/App/usbd_cdc_if.c **** /**
 166:USB_DEVICE/App/usbd_cdc_if.c ****   * @brief  DeInitializes the CDC media low layer
 167:USB_DEVICE/App/usbd_cdc_if.c ****   * @retval USBD_OK if all operations are OK else USBD_FAIL
 168:USB_DEVICE/App/usbd_cdc_if.c ****   */
 169:USB_DEVICE/App/usbd_cdc_if.c **** static int8_t CDC_DeInit_FS(void)
 170:USB_DEVICE/App/usbd_cdc_if.c **** {
  25              		.loc 1 170 0
  26              		.cfi_startproc
  27              		@ args = 0, pretend = 0, frame = 0
  28              		@ frame_needed = 0, uses_anonymous_args = 0
  29              		@ link register save eliminated.
 171:USB_DEVICE/App/usbd_cdc_if.c ****   /* USER CODE BEGIN 4 */
 172:USB_DEVICE/App/usbd_cdc_if.c ****   return (USBD_OK);
 173:USB_DEVICE/App/usbd_cdc_if.c ****   /* USER CODE END 4 */
 174:USB_DEVICE/App/usbd_cdc_if.c **** }
  30              		.loc 1 174 0
  31 0000 0020     		movs	r0, #0
  32 0002 7047     		bx	lr
  33              		.cfi_endproc
  34              	.LFE67:
  36              		.section	.text.CDC_Control_FS,"ax",%progbits
  37              		.align	1
  38              		.syntax unified
  39              		.thumb
  40              		.thumb_func
  41              		.fpu softvfp
  43              	CDC_Control_FS:
  44              	.LFB68:
 175:USB_DEVICE/App/usbd_cdc_if.c **** 
 176:USB_DEVICE/App/usbd_cdc_if.c **** /**
 177:USB_DEVICE/App/usbd_cdc_if.c ****   * @brief  Manage the CDC class requests
 178:USB_DEVICE/App/usbd_cdc_if.c ****   * @param  cmd: Command code
 179:USB_DEVICE/App/usbd_cdc_if.c ****   * @param  pbuf: Buffer containing command data (request parameters)
 180:USB_DEVICE/App/usbd_cdc_if.c ****   * @param  length: Number of data to be sent (in bytes)
 181:USB_DEVICE/App/usbd_cdc_if.c ****   * @retval Result of the operation: USBD_OK if all operations are OK else USBD_FAIL
 182:USB_DEVICE/App/usbd_cdc_if.c ****   */
 183:USB_DEVICE/App/usbd_cdc_if.c **** static int8_t CDC_Control_FS(uint8_t cmd, uint8_t* pbuf, uint16_t length)
 184:USB_DEVICE/App/usbd_cdc_if.c **** {
  45              		.loc 1 184 0
  46              		.cfi_startproc
  47              		@ args = 0, pretend = 0, frame = 0
ARM GAS  /tmp/ccZypPl6.s 			page 5


  48              		@ frame_needed = 0, uses_anonymous_args = 0
  49              		@ link register save eliminated.
  50              	.LVL0:
 185:USB_DEVICE/App/usbd_cdc_if.c ****   /* USER CODE BEGIN 5 */
 186:USB_DEVICE/App/usbd_cdc_if.c ****   switch(cmd)
 187:USB_DEVICE/App/usbd_cdc_if.c ****   {
 188:USB_DEVICE/App/usbd_cdc_if.c ****     case CDC_SEND_ENCAPSULATED_COMMAND:
 189:USB_DEVICE/App/usbd_cdc_if.c **** 
 190:USB_DEVICE/App/usbd_cdc_if.c ****     break;
 191:USB_DEVICE/App/usbd_cdc_if.c **** 
 192:USB_DEVICE/App/usbd_cdc_if.c ****     case CDC_GET_ENCAPSULATED_RESPONSE:
 193:USB_DEVICE/App/usbd_cdc_if.c **** 
 194:USB_DEVICE/App/usbd_cdc_if.c ****     break;
 195:USB_DEVICE/App/usbd_cdc_if.c **** 
 196:USB_DEVICE/App/usbd_cdc_if.c ****     case CDC_SET_COMM_FEATURE:
 197:USB_DEVICE/App/usbd_cdc_if.c **** 
 198:USB_DEVICE/App/usbd_cdc_if.c ****     break;
 199:USB_DEVICE/App/usbd_cdc_if.c **** 
 200:USB_DEVICE/App/usbd_cdc_if.c ****     case CDC_GET_COMM_FEATURE:
 201:USB_DEVICE/App/usbd_cdc_if.c **** 
 202:USB_DEVICE/App/usbd_cdc_if.c ****     break;
 203:USB_DEVICE/App/usbd_cdc_if.c **** 
 204:USB_DEVICE/App/usbd_cdc_if.c ****     case CDC_CLEAR_COMM_FEATURE:
 205:USB_DEVICE/App/usbd_cdc_if.c **** 
 206:USB_DEVICE/App/usbd_cdc_if.c ****     break;
 207:USB_DEVICE/App/usbd_cdc_if.c **** 
 208:USB_DEVICE/App/usbd_cdc_if.c ****   /*******************************************************************************/
 209:USB_DEVICE/App/usbd_cdc_if.c ****   /* Line Coding Structure                                                       */
 210:USB_DEVICE/App/usbd_cdc_if.c ****   /*-----------------------------------------------------------------------------*/
 211:USB_DEVICE/App/usbd_cdc_if.c ****   /* Offset | Field       | Size | Value  | Description                          */
 212:USB_DEVICE/App/usbd_cdc_if.c ****   /* 0      | dwDTERate   |   4  | Number |Data terminal rate, in bits per second*/
 213:USB_DEVICE/App/usbd_cdc_if.c ****   /* 4      | bCharFormat |   1  | Number | Stop bits                            */
 214:USB_DEVICE/App/usbd_cdc_if.c ****   /*                                        0 - 1 Stop bit                       */
 215:USB_DEVICE/App/usbd_cdc_if.c ****   /*                                        1 - 1.5 Stop bits                    */
 216:USB_DEVICE/App/usbd_cdc_if.c ****   /*                                        2 - 2 Stop bits                      */
 217:USB_DEVICE/App/usbd_cdc_if.c ****   /* 5      | bParityType |  1   | Number | Parity                               */
 218:USB_DEVICE/App/usbd_cdc_if.c ****   /*                                        0 - None                             */
 219:USB_DEVICE/App/usbd_cdc_if.c ****   /*                                        1 - Odd                              */
 220:USB_DEVICE/App/usbd_cdc_if.c ****   /*                                        2 - Even                             */
 221:USB_DEVICE/App/usbd_cdc_if.c ****   /*                                        3 - Mark                             */
 222:USB_DEVICE/App/usbd_cdc_if.c ****   /*                                        4 - Space                            */
 223:USB_DEVICE/App/usbd_cdc_if.c ****   /* 6      | bDataBits  |   1   | Number Data bits (5, 6, 7, 8 or 16).          */
 224:USB_DEVICE/App/usbd_cdc_if.c ****   /*******************************************************************************/
 225:USB_DEVICE/App/usbd_cdc_if.c ****     case CDC_SET_LINE_CODING:
 226:USB_DEVICE/App/usbd_cdc_if.c **** 
 227:USB_DEVICE/App/usbd_cdc_if.c ****     break;
 228:USB_DEVICE/App/usbd_cdc_if.c **** 
 229:USB_DEVICE/App/usbd_cdc_if.c ****     case CDC_GET_LINE_CODING:
 230:USB_DEVICE/App/usbd_cdc_if.c **** 
 231:USB_DEVICE/App/usbd_cdc_if.c ****     break;
 232:USB_DEVICE/App/usbd_cdc_if.c **** 
 233:USB_DEVICE/App/usbd_cdc_if.c ****     case CDC_SET_CONTROL_LINE_STATE:
 234:USB_DEVICE/App/usbd_cdc_if.c **** 
 235:USB_DEVICE/App/usbd_cdc_if.c ****     break;
 236:USB_DEVICE/App/usbd_cdc_if.c **** 
 237:USB_DEVICE/App/usbd_cdc_if.c ****     case CDC_SEND_BREAK:
 238:USB_DEVICE/App/usbd_cdc_if.c **** 
ARM GAS  /tmp/ccZypPl6.s 			page 6


 239:USB_DEVICE/App/usbd_cdc_if.c ****     break;
 240:USB_DEVICE/App/usbd_cdc_if.c **** 
 241:USB_DEVICE/App/usbd_cdc_if.c ****   default:
 242:USB_DEVICE/App/usbd_cdc_if.c ****     break;
 243:USB_DEVICE/App/usbd_cdc_if.c ****   }
 244:USB_DEVICE/App/usbd_cdc_if.c **** 
 245:USB_DEVICE/App/usbd_cdc_if.c ****   return (USBD_OK);
 246:USB_DEVICE/App/usbd_cdc_if.c ****   /* USER CODE END 5 */
 247:USB_DEVICE/App/usbd_cdc_if.c **** }
  51              		.loc 1 247 0
  52 0000 0020     		movs	r0, #0
  53              	.LVL1:
  54 0002 7047     		bx	lr
  55              		.cfi_endproc
  56              	.LFE68:
  58              		.section	.text.CDC_Receive_FS,"ax",%progbits
  59              		.align	1
  60              		.syntax unified
  61              		.thumb
  62              		.thumb_func
  63              		.fpu softvfp
  65              	CDC_Receive_FS:
  66              	.LFB69:
 248:USB_DEVICE/App/usbd_cdc_if.c **** 
 249:USB_DEVICE/App/usbd_cdc_if.c **** /**
 250:USB_DEVICE/App/usbd_cdc_if.c ****   * @brief  Data received over USB OUT endpoint are sent over CDC interface
 251:USB_DEVICE/App/usbd_cdc_if.c ****   *         through this function.
 252:USB_DEVICE/App/usbd_cdc_if.c ****   *
 253:USB_DEVICE/App/usbd_cdc_if.c ****   *         @note
 254:USB_DEVICE/App/usbd_cdc_if.c ****   *         This function will block any OUT packet reception on USB endpoint
 255:USB_DEVICE/App/usbd_cdc_if.c ****   *         untill exiting this function. If you exit this function before transfer
 256:USB_DEVICE/App/usbd_cdc_if.c ****   *         is complete on CDC interface (ie. using DMA controller) it will result
 257:USB_DEVICE/App/usbd_cdc_if.c ****   *         in receiving more data while previous ones are still not sent.
 258:USB_DEVICE/App/usbd_cdc_if.c ****   *
 259:USB_DEVICE/App/usbd_cdc_if.c ****   * @param  Buf: Buffer of data to be received
 260:USB_DEVICE/App/usbd_cdc_if.c ****   * @param  Len: Number of data received (in bytes)
 261:USB_DEVICE/App/usbd_cdc_if.c ****   * @retval Result of the operation: USBD_OK if all operations are OK else USBD_FAIL
 262:USB_DEVICE/App/usbd_cdc_if.c ****   */
 263:USB_DEVICE/App/usbd_cdc_if.c **** static int8_t CDC_Receive_FS(uint8_t* Buf, uint32_t *Len)
 264:USB_DEVICE/App/usbd_cdc_if.c **** {
  67              		.loc 1 264 0
  68              		.cfi_startproc
  69              		@ args = 0, pretend = 0, frame = 0
  70              		@ frame_needed = 0, uses_anonymous_args = 0
  71              	.LVL2:
  72 0000 10B5     		push	{r4, lr}
  73              	.LCFI0:
  74              		.cfi_def_cfa_offset 8
  75              		.cfi_offset 4, -8
  76              		.cfi_offset 14, -4
 265:USB_DEVICE/App/usbd_cdc_if.c ****   /* USER CODE BEGIN 6 */
 266:USB_DEVICE/App/usbd_cdc_if.c ****   USBD_CDC_SetRxBuffer(&hUsbDeviceFS, &Buf[0]);
  77              		.loc 1 266 0
  78 0002 054C     		ldr	r4, .L5
  79 0004 0146     		mov	r1, r0
  80              	.LVL3:
  81 0006 2046     		mov	r0, r4
ARM GAS  /tmp/ccZypPl6.s 			page 7


  82              	.LVL4:
  83 0008 FFF7FEFF 		bl	USBD_CDC_SetRxBuffer
  84              	.LVL5:
 267:USB_DEVICE/App/usbd_cdc_if.c ****   USBD_CDC_ReceivePacket(&hUsbDeviceFS);
  85              		.loc 1 267 0
  86 000c 2046     		mov	r0, r4
  87 000e FFF7FEFF 		bl	USBD_CDC_ReceivePacket
  88              	.LVL6:
 268:USB_DEVICE/App/usbd_cdc_if.c ****   return (USBD_OK);
 269:USB_DEVICE/App/usbd_cdc_if.c ****   /* USER CODE END 6 */
 270:USB_DEVICE/App/usbd_cdc_if.c **** }
  89              		.loc 1 270 0
  90 0012 0020     		movs	r0, #0
  91 0014 10BD     		pop	{r4, pc}
  92              	.L6:
  93 0016 00BF     		.align	2
  94              	.L5:
  95 0018 00000000 		.word	hUsbDeviceFS
  96              		.cfi_endproc
  97              	.LFE69:
  99              		.section	.text.CDC_Init_FS,"ax",%progbits
 100              		.align	1
 101              		.syntax unified
 102              		.thumb
 103              		.thumb_func
 104              		.fpu softvfp
 106              	CDC_Init_FS:
 107              	.LFB66:
 156:USB_DEVICE/App/usbd_cdc_if.c ****   /* USER CODE BEGIN 3 */
 108              		.loc 1 156 0
 109              		.cfi_startproc
 110              		@ args = 0, pretend = 0, frame = 0
 111              		@ frame_needed = 0, uses_anonymous_args = 0
 112 0000 10B5     		push	{r4, lr}
 113              	.LCFI1:
 114              		.cfi_def_cfa_offset 8
 115              		.cfi_offset 4, -8
 116              		.cfi_offset 14, -4
 159:USB_DEVICE/App/usbd_cdc_if.c ****   USBD_CDC_SetRxBuffer(&hUsbDeviceFS, UserRxBufferFS);
 117              		.loc 1 159 0
 118 0002 064C     		ldr	r4, .L9
 119 0004 0022     		movs	r2, #0
 120 0006 0649     		ldr	r1, .L9+4
 121 0008 2046     		mov	r0, r4
 122 000a FFF7FEFF 		bl	USBD_CDC_SetTxBuffer
 123              	.LVL7:
 160:USB_DEVICE/App/usbd_cdc_if.c ****   return (USBD_OK);
 124              		.loc 1 160 0
 125 000e 0549     		ldr	r1, .L9+8
 126 0010 2046     		mov	r0, r4
 127 0012 FFF7FEFF 		bl	USBD_CDC_SetRxBuffer
 128              	.LVL8:
 163:USB_DEVICE/App/usbd_cdc_if.c **** 
 129              		.loc 1 163 0
 130 0016 0020     		movs	r0, #0
 131 0018 10BD     		pop	{r4, pc}
 132              	.L10:
ARM GAS  /tmp/ccZypPl6.s 			page 8


 133 001a 00BF     		.align	2
 134              	.L9:
 135 001c 00000000 		.word	hUsbDeviceFS
 136 0020 00000000 		.word	UserTxBufferFS
 137 0024 00000000 		.word	UserRxBufferFS
 138              		.cfi_endproc
 139              	.LFE66:
 141              		.section	.text.CDC_Transmit_FS,"ax",%progbits
 142              		.align	1
 143              		.global	CDC_Transmit_FS
 144              		.syntax unified
 145              		.thumb
 146              		.thumb_func
 147              		.fpu softvfp
 149              	CDC_Transmit_FS:
 150              	.LFB70:
 271:USB_DEVICE/App/usbd_cdc_if.c **** 
 272:USB_DEVICE/App/usbd_cdc_if.c **** /**
 273:USB_DEVICE/App/usbd_cdc_if.c ****   * @brief  CDC_Transmit_FS
 274:USB_DEVICE/App/usbd_cdc_if.c ****   *         Data to send over USB IN endpoint are sent over CDC interface
 275:USB_DEVICE/App/usbd_cdc_if.c ****   *         through this function.
 276:USB_DEVICE/App/usbd_cdc_if.c ****   *         @note
 277:USB_DEVICE/App/usbd_cdc_if.c ****   *
 278:USB_DEVICE/App/usbd_cdc_if.c ****   *
 279:USB_DEVICE/App/usbd_cdc_if.c ****   * @param  Buf: Buffer of data to be sent
 280:USB_DEVICE/App/usbd_cdc_if.c ****   * @param  Len: Number of data to be sent (in bytes)
 281:USB_DEVICE/App/usbd_cdc_if.c ****   * @retval USBD_OK if all operations are OK else USBD_FAIL or USBD_BUSY
 282:USB_DEVICE/App/usbd_cdc_if.c ****   */
 283:USB_DEVICE/App/usbd_cdc_if.c **** uint8_t CDC_Transmit_FS(uint8_t* Buf, uint16_t Len)
 284:USB_DEVICE/App/usbd_cdc_if.c **** {
 151              		.loc 1 284 0
 152              		.cfi_startproc
 153              		@ args = 0, pretend = 0, frame = 0
 154              		@ frame_needed = 0, uses_anonymous_args = 0
 155              	.LVL9:
 285:USB_DEVICE/App/usbd_cdc_if.c ****   uint8_t result = USBD_OK;
 286:USB_DEVICE/App/usbd_cdc_if.c ****   /* USER CODE BEGIN 7 */
 287:USB_DEVICE/App/usbd_cdc_if.c ****   USBD_CDC_HandleTypeDef *hcdc = (USBD_CDC_HandleTypeDef*)hUsbDeviceFS.pClassData;
 156              		.loc 1 287 0
 157 0000 094B     		ldr	r3, .L19
 158 0002 D3F8B832 		ldr	r3, [r3, #696]
 159              	.LVL10:
 288:USB_DEVICE/App/usbd_cdc_if.c ****   if (hcdc->TxState != 0){
 160              		.loc 1 288 0
 161 0006 D3F81432 		ldr	r3, [r3, #532]
 162              	.LVL11:
 163 000a 0BB1     		cbz	r3, .L18
 289:USB_DEVICE/App/usbd_cdc_if.c ****     return USBD_BUSY;
 164              		.loc 1 289 0
 165 000c 0120     		movs	r0, #1
 166              	.LVL12:
 167 000e 7047     		bx	lr
 168              	.LVL13:
 169              	.L18:
 284:USB_DEVICE/App/usbd_cdc_if.c ****   uint8_t result = USBD_OK;
 170              		.loc 1 284 0
 171 0010 10B5     		push	{r4, lr}
ARM GAS  /tmp/ccZypPl6.s 			page 9


 172              	.LCFI2:
 173              		.cfi_def_cfa_offset 8
 174              		.cfi_offset 4, -8
 175              		.cfi_offset 14, -4
 176 0012 0A46     		mov	r2, r1
 177 0014 0146     		mov	r1, r0
 178              	.LVL14:
 290:USB_DEVICE/App/usbd_cdc_if.c ****   }
 291:USB_DEVICE/App/usbd_cdc_if.c ****   USBD_CDC_SetTxBuffer(&hUsbDeviceFS, Buf, Len);
 179              		.loc 1 291 0
 180 0016 044C     		ldr	r4, .L19
 181              	.LVL15:
 182 0018 2046     		mov	r0, r4
 183              	.LVL16:
 184 001a FFF7FEFF 		bl	USBD_CDC_SetTxBuffer
 185              	.LVL17:
 292:USB_DEVICE/App/usbd_cdc_if.c ****   result = USBD_CDC_TransmitPacket(&hUsbDeviceFS);
 186              		.loc 1 292 0
 187 001e 2046     		mov	r0, r4
 188 0020 FFF7FEFF 		bl	USBD_CDC_TransmitPacket
 189              	.LVL18:
 293:USB_DEVICE/App/usbd_cdc_if.c ****   /* USER CODE END 7 */
 294:USB_DEVICE/App/usbd_cdc_if.c ****   return result;
 190              		.loc 1 294 0
 191 0024 10BD     		pop	{r4, pc}
 192              	.L20:
 193 0026 00BF     		.align	2
 194              	.L19:
 195 0028 00000000 		.word	hUsbDeviceFS
 196              		.cfi_endproc
 197              	.LFE70:
 199              		.global	USBD_Interface_fops_FS
 200              		.comm	UserTxBufferFS,1000,4
 201              		.comm	UserRxBufferFS,1000,4
 202              		.section	.data.USBD_Interface_fops_FS,"aw",%progbits
 203              		.align	2
 206              	USBD_Interface_fops_FS:
 207 0000 00000000 		.word	CDC_Init_FS
 208 0004 00000000 		.word	CDC_DeInit_FS
 209 0008 00000000 		.word	CDC_Control_FS
 210 000c 00000000 		.word	CDC_Receive_FS
 211              		.text
 212              	.Letext0:
 213              		.file 2 "/usr/include/newlib/machine/_default_types.h"
 214              		.file 3 "/usr/include/newlib/sys/lock.h"
 215              		.file 4 "/usr/include/newlib/sys/_types.h"
 216              		.file 5 "/usr/lib/gcc/arm-none-eabi/6.3.1/include/stddef.h"
 217              		.file 6 "/usr/include/newlib/sys/reent.h"
 218              		.file 7 "/usr/include/newlib/sys/_stdint.h"
 219              		.file 8 "/usr/include/newlib/stdlib.h"
 220              		.file 9 "Drivers/CMSIS/Include/core_cm3.h"
 221              		.file 10 "Drivers/CMSIS/Device/ST/STM32F1xx/Include/system_stm32f1xx.h"
 222              		.file 11 "Drivers/STM32F1xx_HAL_Driver/Inc/stm32f1xx_hal.h"
 223              		.file 12 "Middlewares/ST/STM32_USB_Device_Library/Core/Inc/usbd_def.h"
 224              		.file 13 "Middlewares/ST/STM32_USB_Device_Library/Class/CDC/Inc/usbd_cdc.h"
 225              		.file 14 "USB_DEVICE/App/usbd_cdc_if.h"
ARM GAS  /tmp/ccZypPl6.s 			page 10


DEFINED SYMBOLS
                            *ABS*:0000000000000000 usbd_cdc_if.c
     /tmp/ccZypPl6.s:16     .text.CDC_DeInit_FS:0000000000000000 $t
     /tmp/ccZypPl6.s:22     .text.CDC_DeInit_FS:0000000000000000 CDC_DeInit_FS
     /tmp/ccZypPl6.s:37     .text.CDC_Control_FS:0000000000000000 $t
     /tmp/ccZypPl6.s:43     .text.CDC_Control_FS:0000000000000000 CDC_Control_FS
     /tmp/ccZypPl6.s:59     .text.CDC_Receive_FS:0000000000000000 $t
     /tmp/ccZypPl6.s:65     .text.CDC_Receive_FS:0000000000000000 CDC_Receive_FS
     /tmp/ccZypPl6.s:95     .text.CDC_Receive_FS:0000000000000018 $d
     /tmp/ccZypPl6.s:100    .text.CDC_Init_FS:0000000000000000 $t
     /tmp/ccZypPl6.s:106    .text.CDC_Init_FS:0000000000000000 CDC_Init_FS
     /tmp/ccZypPl6.s:135    .text.CDC_Init_FS:000000000000001c $d
                            *COM*:00000000000003e8 UserTxBufferFS
                            *COM*:00000000000003e8 UserRxBufferFS
     /tmp/ccZypPl6.s:142    .text.CDC_Transmit_FS:0000000000000000 $t
     /tmp/ccZypPl6.s:149    .text.CDC_Transmit_FS:0000000000000000 CDC_Transmit_FS
     /tmp/ccZypPl6.s:195    .text.CDC_Transmit_FS:0000000000000028 $d
     /tmp/ccZypPl6.s:206    .data.USBD_Interface_fops_FS:0000000000000000 USBD_Interface_fops_FS
     /tmp/ccZypPl6.s:203    .data.USBD_Interface_fops_FS:0000000000000000 $d
                     .debug_frame:0000000000000010 $d

UNDEFINED SYMBOLS
USBD_CDC_SetRxBuffer
USBD_CDC_ReceivePacket
hUsbDeviceFS
USBD_CDC_SetTxBuffer
USBD_CDC_TransmitPacket
